  GraphicWindow.cpp
C:\Users\Sofia Bejarano Mora\Documents\GitHub\Proyect2\Proyecto2_SofiaBejaranoMora\GraphicWindow.cpp(127,47): warning C4244: 'argumento': conversión de 'int' a 'T'; posible pérdida de datos
          with
          [
              T=float
          ]
C:\Users\Sofia Bejarano Mora\Documents\GitHub\Proyect2\Proyecto2_SofiaBejaranoMora\GraphicWindow.cpp(126,62): warning C4244: 'argumento': conversión de 'int' a 'T'; posible pérdida de datos
          with
          [
              T=float
          ]
C:\Users\Sofia Bejarano Mora\Documents\GitHub\Proyect2\Proyecto2_SofiaBejaranoMora\GraphicWindow.cpp(129,58): warning C4244: 'argumento': conversión de 'int' a 'T'; posible pérdida de datos
          with
          [
              T=float
          ]
C:\Users\Sofia Bejarano Mora\Documents\GitHub\Proyect2\Proyecto2_SofiaBejaranoMora\GraphicWindow.cpp(128,73): warning C4244: 'argumento': conversión de 'int' a 'T'; posible pérdida de datos
          with
          [
              T=float
          ]
  Proyecto2_SofiaBejaranoMora.vcxproj -> C:\Users\Sofia Bejarano Mora\Documents\GitHub\Proyect2\Proyecto2_SofiaBejaranoMora\x64\Debug\Proyecto2_SofiaBejaranoMora.exe
